<?xml version="1.0" encoding="UTF-8"?>
<!-- Generated by org.testng.reporters.JUnitReportReporter -->
<testsuite hostname="LAPTOP-PJ7L08O1" failures="0" tests="2" name="tests.GetAndPostExamples" time="2.690" errors="0" timestamp="2022-12-26T21:06:52 EST" skipped="0">
  <testcase classname="tests.GetAndPostExamples" name="testGet" time="2.148"/>
  <system-out/>
  <testcase classname="tests.GetAndPostExamples" name="testPost" time="0.542"/>
  <system-out/>
</testsuite> <!-- tests.GetAndPostExamples -->
