<?xml version="1.0" encoding="UTF-8"?>
<!-- Generated by org.testng.reporters.JUnitReportReporter -->
<testsuite hostname="LAPTOP-PJ7L08O1" failures="0" tests="3" name="tests.PutPatchDeleteExamples" time="2.659" errors="0" timestamp="2022-12-26T21:31:23 EST" skipped="0">
  <testcase classname="tests.PutPatchDeleteExamples" name="testDelete" time="1.768"/>
  <system-out/>
  <testcase classname="tests.PutPatchDeleteExamples" name="testPatch" time="0.453"/>
  <system-out/>
  <testcase classname="tests.PutPatchDeleteExamples" name="testPost" time="0.438"/>
  <system-out/>
</testsuite> <!-- tests.PutPatchDeleteExamples -->
